<?xml version="1.0" encoding="UTF-8"?>
<!-- Generated by org.testng.reporters.JUnitReportReporter -->
<testsuite hostname="walter" name="com.bsu.vbabenya.MailRUTest" tests="5" failures="0" timestamp="27 Dec 2015 09:12:59 GMT" time="137.494" errors="0">
  <testcase name="canWriteMessageTest" time="26.732" classname="com.bsu.vbabenya.MailRUTest"/>
  <testcase name="isUserLoggedTest" time="26.272" classname="com.bsu.vbabenya.MailRUTest"/>
  <testcase name="oneCanLoginMailRU" time="26.087" classname="com.bsu.vbabenya.MailRUTest"/>
  <testcase name="isMessageExistTest" time="27.074" classname="com.bsu.vbabenya.MailRUTest"/>
  <testcase name="hasValidContacts" time="31.329" classname="com.bsu.vbabenya.MailRUTest"/>
</testsuite> <!-- com.bsu.vbabenya.MailRUTest -->
